[ERROR][18-07-10][org.springframework.web.context.ContextLoader]Context initialization failed
org.springframework.beans.factory.BeanCreationException: Error creating bean with name 'factoryBean' defined in class path resource [spring-mybatis.xml]: Invocation of init method failed; nested exception is org.apache.ibatis.builder.BuilderException: Error creating document instance.  Cause: org.xml.sax.SAXParseException; lineNumber: 1; columnNumber: 1; 文件提前结束。
	at org.springframework.beans.factory.support.AbstractAutowireCapableBeanFactory.initializeBean(AbstractAutowireCapableBeanFactory.java:1628)
	at org.springframework.beans.factory.support.AbstractAutowireCapableBeanFactory.doCreateBean(AbstractAutowireCapableBeanFactory.java:555)
	at org.springframework.beans.factory.support.AbstractAutowireCapableBeanFactory.createBean(AbstractAutowireCapableBeanFactory.java:483)
	at org.springframework.beans.factory.support.AbstractBeanFactory$1.getObject(AbstractBeanFactory.java:306)
	at org.springframework.beans.factory.support.DefaultSingletonBeanRegistry.getSingleton(DefaultSingletonBeanRegistry.java:230)
	at org.springframework.beans.factory.support.AbstractBeanFactory.doGetBean(AbstractBeanFactory.java:302)
	at org.springframework.beans.factory.support.AbstractBeanFactory.getBean(AbstractBeanFactory.java:197)
	at org.springframework.beans.factory.support.DefaultListableBeanFactory.preInstantiateSingletons(DefaultListableBeanFactory.java:742)
	at org.springframework.context.support.AbstractApplicationContext.finishBeanFactoryInitialization(AbstractApplicationContext.java:867)
	at org.springframework.context.support.AbstractApplicationContext.refresh(AbstractApplicationContext.java:543)
	at org.springframework.web.context.ContextLoader.configureAndRefreshWebApplicationContext(ContextLoader.java:443)
	at org.springframework.web.context.ContextLoader.initWebApplicationContext(ContextLoader.java:325)
	at org.springframework.web.context.ContextLoaderListener.contextInitialized(ContextLoaderListener.java:107)
	at org.eclipse.jetty.server.handler.ContextHandler.callContextInitialized(ContextHandler.java:843)
	at org.eclipse.jetty.servlet.ServletContextHandler.callContextInitialized(ServletContextHandler.java:533)
	at org.eclipse.jetty.server.handler.ContextHandler.startContext(ContextHandler.java:816)
	at org.eclipse.jetty.servlet.ServletContextHandler.startContext(ServletContextHandler.java:345)
	at org.eclipse.jetty.webapp.WebAppContext.startWebapp(WebAppContext.java:1404)
	at org.eclipse.jetty.webapp.WebAppContext.startContext(WebAppContext.java:1366)
	at org.eclipse.jetty.server.handler.ContextHandler.doStart(ContextHandler.java:778)
	at org.eclipse.jetty.servlet.ServletContextHandler.doStart(ServletContextHandler.java:262)
	at org.eclipse.jetty.webapp.WebAppContext.doStart(WebAppContext.java:520)
	at org.eclipse.jetty.util.component.AbstractLifeCycle.start(AbstractLifeCycle.java:68)
	at org.eclipse.jetty.util.component.ContainerLifeCycle.start(ContainerLifeCycle.java:131)
	at org.eclipse.jetty.server.Server.start(Server.java:411)
	at org.eclipse.jetty.util.component.ContainerLifeCycle.doStart(ContainerLifeCycle.java:105)
	at org.eclipse.jetty.server.handler.AbstractHandler.doStart(AbstractHandler.java:61)
	at org.eclipse.jetty.server.Server.doStart(Server.java:378)
	at org.eclipse.jetty.util.component.AbstractLifeCycle.start(AbstractLifeCycle.java:68)
	at net.sourceforge.eclipsejetty.starter.jetty9.Jetty9Adapter.start(Jetty9Adapter.java:68)
	at net.sourceforge.eclipsejetty.starter.common.AbstractJettyLauncherMain.launch(AbstractJettyLauncherMain.java:84)
	at net.sourceforge.eclipsejetty.starter.jetty9.Jetty9LauncherMain.main(Jetty9LauncherMain.java:42)
Caused by: org.apache.ibatis.builder.BuilderException: Error creating document instance.  Cause: org.xml.sax.SAXParseException; lineNumber: 1; columnNumber: 1; 文件提前结束。
	at org.apache.ibatis.parsing.XPathParser.createDocument(XPathParser.java:256)
	at org.apache.ibatis.parsing.XPathParser.<init>(XPathParser.java:125)
	at org.apache.ibatis.builder.xml.XMLConfigBuilder.<init>(XMLConfigBuilder.java:75)
	at org.mybatis.spring.SqlSessionFactoryBean.buildSqlSessionFactory(SqlSessionFactoryBean.java:406)
	at org.mybatis.spring.SqlSessionFactoryBean.afterPropertiesSet(SqlSessionFactoryBean.java:380)
	at org.springframework.beans.factory.support.AbstractAutowireCapableBeanFactory.invokeInitMethods(AbstractAutowireCapableBeanFactory.java:1687)
	at org.springframework.beans.factory.support.AbstractAutowireCapableBeanFactory.initializeBean(AbstractAutowireCapableBeanFactory.java:1624)
	... 31 more
Caused by: org.xml.sax.SAXParseException; lineNumber: 1; columnNumber: 1; 文件提前结束。
	at com.sun.org.apache.xerces.internal.util.ErrorHandlerWrapper.createSAXParseException(ErrorHandlerWrapper.java:203)
	at com.sun.org.apache.xerces.internal.util.ErrorHandlerWrapper.fatalError(ErrorHandlerWrapper.java:177)
	at com.sun.org.apache.xerces.internal.impl.XMLErrorReporter.reportError(XMLErrorReporter.java:400)
	at com.sun.org.apache.xerces.internal.impl.XMLErrorReporter.reportError(XMLErrorReporter.java:327)
	at com.sun.org.apache.xerces.internal.impl.XMLScanner.reportFatalError(XMLScanner.java:1472)
	at com.sun.org.apache.xerces.internal.impl.XMLDocumentScannerImpl$PrologDriver.next(XMLDocumentScannerImpl.java:1014)
	at com.sun.org.apache.xerces.internal.impl.XMLDocumentScannerImpl.next(XMLDocumentScannerImpl.java:602)
	at com.sun.org.apache.xerces.internal.impl.XMLDocumentFragmentScannerImpl.scanDocument(XMLDocumentFragmentScannerImpl.java:505)
	at com.sun.org.apache.xerces.internal.parsers.XML11Configuration.parse(XML11Configuration.java:841)
	at com.sun.org.apache.xerces.internal.parsers.XML11Configuration.parse(XML11Configuration.java:770)
	at com.sun.org.apache.xerces.internal.parsers.XMLParser.parse(XMLParser.java:141)
	at com.sun.org.apache.xerces.internal.parsers.DOMParser.parse(DOMParser.java:243)
	at com.sun.org.apache.xerces.internal.jaxp.DocumentBuilderImpl.parse(DocumentBuilderImpl.java:339)
	at org.apache.ibatis.parsing.XPathParser.createDocument(XPathParser.java:254)
	... 37 more
[ERROR][18-07-11][org.springframework.web.context.ContextLoader]Context initialization failed
org.springframework.beans.factory.BeanCreationException: Error creating bean with name 'factoryBean' defined in class path resource [spring-mybatis.xml]: Invocation of init method failed; nested exception is org.springframework.core.NestedIOException: Failed to parse mapping resource: 'file [/home/soft01/eclipse-workspace/TeduStore/target/classes/mapper/GoodsCategoryMapper.xml]'; nested exception is org.apache.ibatis.builder.BuilderException: Error parsing Mapper XML. Cause: java.lang.IllegalArgumentException: Result Maps collection already contains value for cn.tedu.store.mapper.AddressMapper.address
	at org.springframework.beans.factory.support.AbstractAutowireCapableBeanFactory.initializeBean(AbstractAutowireCapableBeanFactory.java:1628)
	at org.springframework.beans.factory.support.AbstractAutowireCapableBeanFactory.doCreateBean(AbstractAutowireCapableBeanFactory.java:555)
	at org.springframework.beans.factory.support.AbstractAutowireCapableBeanFactory.createBean(AbstractAutowireCapableBeanFactory.java:483)
	at org.springframework.beans.factory.support.AbstractBeanFactory$1.getObject(AbstractBeanFactory.java:306)
	at org.springframework.beans.factory.support.DefaultSingletonBeanRegistry.getSingleton(DefaultSingletonBeanRegistry.java:230)
	at org.springframework.beans.factory.support.AbstractBeanFactory.doGetBean(AbstractBeanFactory.java:302)
	at org.springframework.beans.factory.support.AbstractBeanFactory.getBean(AbstractBeanFactory.java:197)
	at org.springframework.beans.factory.support.DefaultListableBeanFactory.preInstantiateSingletons(DefaultListableBeanFactory.java:742)
	at org.springframework.context.support.AbstractApplicationContext.finishBeanFactoryInitialization(AbstractApplicationContext.java:867)
	at org.springframework.context.support.AbstractApplicationContext.refresh(AbstractApplicationContext.java:543)
	at org.springframework.web.context.ContextLoader.configureAndRefreshWebApplicationContext(ContextLoader.java:443)
	at org.springframework.web.context.ContextLoader.initWebApplicationContext(ContextLoader.java:325)
	at org.springframework.web.context.ContextLoaderListener.contextInitialized(ContextLoaderListener.java:107)
	at org.eclipse.jetty.server.handler.ContextHandler.callContextInitialized(ContextHandler.java:843)
	at org.eclipse.jetty.servlet.ServletContextHandler.callContextInitialized(ServletContextHandler.java:533)
	at org.eclipse.jetty.server.handler.ContextHandler.startContext(ContextHandler.java:816)
	at org.eclipse.jetty.servlet.ServletContextHandler.startContext(ServletContextHandler.java:345)
	at org.eclipse.jetty.webapp.WebAppContext.startWebapp(WebAppContext.java:1404)
	at org.eclipse.jetty.webapp.WebAppContext.startContext(WebAppContext.java:1366)
	at org.eclipse.jetty.server.handler.ContextHandler.doStart(ContextHandler.java:778)
	at org.eclipse.jetty.servlet.ServletContextHandler.doStart(ServletContextHandler.java:262)
	at org.eclipse.jetty.webapp.WebAppContext.doStart(WebAppContext.java:520)
	at org.eclipse.jetty.util.component.AbstractLifeCycle.start(AbstractLifeCycle.java:68)
	at org.eclipse.jetty.util.component.ContainerLifeCycle.start(ContainerLifeCycle.java:131)
	at org.eclipse.jetty.server.Server.start(Server.java:411)
	at org.eclipse.jetty.util.component.ContainerLifeCycle.doStart(ContainerLifeCycle.java:105)
	at org.eclipse.jetty.server.handler.AbstractHandler.doStart(AbstractHandler.java:61)
	at org.eclipse.jetty.server.Server.doStart(Server.java:378)
	at org.eclipse.jetty.util.component.AbstractLifeCycle.start(AbstractLifeCycle.java:68)
	at net.sourceforge.eclipsejetty.starter.jetty9.Jetty9Adapter.start(Jetty9Adapter.java:68)
	at net.sourceforge.eclipsejetty.starter.common.AbstractJettyLauncherMain.launch(AbstractJettyLauncherMain.java:84)
	at net.sourceforge.eclipsejetty.starter.jetty9.Jetty9LauncherMain.main(Jetty9LauncherMain.java:42)
Caused by: org.springframework.core.NestedIOException: Failed to parse mapping resource: 'file [/home/soft01/eclipse-workspace/TeduStore/target/classes/mapper/GoodsCategoryMapper.xml]'; nested exception is org.apache.ibatis.builder.BuilderException: Error parsing Mapper XML. Cause: java.lang.IllegalArgumentException: Result Maps collection already contains value for cn.tedu.store.mapper.AddressMapper.address
	at org.mybatis.spring.SqlSessionFactoryBean.buildSqlSessionFactory(SqlSessionFactoryBean.java:523)
	at org.mybatis.spring.SqlSessionFactoryBean.afterPropertiesSet(SqlSessionFactoryBean.java:380)
	at org.springframework.beans.factory.support.AbstractAutowireCapableBeanFactory.invokeInitMethods(AbstractAutowireCapableBeanFactory.java:1687)
	at org.springframework.beans.factory.support.AbstractAutowireCapableBeanFactory.initializeBean(AbstractAutowireCapableBeanFactory.java:1624)
	... 31 more
Caused by: org.apache.ibatis.builder.BuilderException: Error parsing Mapper XML. Cause: java.lang.IllegalArgumentException: Result Maps collection already contains value for cn.tedu.store.mapper.AddressMapper.address
	at org.apache.ibatis.builder.xml.XMLMapperBuilder.configurationElement(XMLMapperBuilder.java:120)
	at org.apache.ibatis.builder.xml.XMLMapperBuilder.parse(XMLMapperBuilder.java:92)
	at org.mybatis.spring.SqlSessionFactoryBean.buildSqlSessionFactory(SqlSessionFactoryBean.java:521)
	... 34 more
Caused by: java.lang.IllegalArgumentException: Result Maps collection already contains value for cn.tedu.store.mapper.AddressMapper.address
	at org.apache.ibatis.session.Configuration$StrictMap.put(Configuration.java:782)
	at org.apache.ibatis.session.Configuration$StrictMap.put(Configuration.java:754)
	at org.apache.ibatis.session.Configuration.addResultMap(Configuration.java:536)
	at org.apache.ibatis.builder.MapperBuilderAssistant.addResultMap(MapperBuilderAssistant.java:207)
	at org.apache.ibatis.builder.ResultMapResolver.resolve(ResultMapResolver.java:47)
	at org.apache.ibatis.builder.xml.XMLMapperBuilder.resultMapElement(XMLMapperBuilder.java:284)
	at org.apache.ibatis.builder.xml.XMLMapperBuilder.resultMapElement(XMLMapperBuilder.java:251)
	at org.apache.ibatis.builder.xml.XMLMapperBuilder.resultMapElements(XMLMapperBuilder.java:243)
	at org.apache.ibatis.builder.xml.XMLMapperBuilder.configurationElement(XMLMapperBuilder.java:116)
	... 36 more
[ERROR][18-07-11][org.springframework.web.context.ContextLoader]Context initialization failed
org.springframework.beans.factory.BeanCreationException: Error creating bean with name 'factoryBean' defined in class path resource [spring-mybatis.xml]: Invocation of init method failed; nested exception is org.springframework.core.NestedIOException: Failed to parse mapping resource: 'file [/home/soft01/eclipse-workspace/TeduStore/target/classes/mapper/UserMapper.xml]'; nested exception is java.lang.IllegalArgumentException: Mapped Statements collection already contains value for cn.tedu.store.mapper.UserMapper.delete
	at org.springframework.beans.factory.support.AbstractAutowireCapableBeanFactory.initializeBean(AbstractAutowireCapableBeanFactory.java:1628)
	at org.springframework.beans.factory.support.AbstractAutowireCapableBeanFactory.doCreateBean(AbstractAutowireCapableBeanFactory.java:555)
	at org.springframework.beans.factory.support.AbstractAutowireCapableBeanFactory.createBean(AbstractAutowireCapableBeanFactory.java:483)
	at org.springframework.beans.factory.support.AbstractBeanFactory$1.getObject(AbstractBeanFactory.java:306)
	at org.springframework.beans.factory.support.DefaultSingletonBeanRegistry.getSingleton(DefaultSingletonBeanRegistry.java:230)
	at org.springframework.beans.factory.support.AbstractBeanFactory.doGetBean(AbstractBeanFactory.java:302)
	at org.springframework.beans.factory.support.AbstractBeanFactory.getBean(AbstractBeanFactory.java:197)
	at org.springframework.beans.factory.support.DefaultListableBeanFactory.preInstantiateSingletons(DefaultListableBeanFactory.java:742)
	at org.springframework.context.support.AbstractApplicationContext.finishBeanFactoryInitialization(AbstractApplicationContext.java:867)
	at org.springframework.context.support.AbstractApplicationContext.refresh(AbstractApplicationContext.java:543)
	at org.springframework.web.context.ContextLoader.configureAndRefreshWebApplicationContext(ContextLoader.java:443)
	at org.springframework.web.context.ContextLoader.initWebApplicationContext(ContextLoader.java:325)
	at org.springframework.web.context.ContextLoaderListener.contextInitialized(ContextLoaderListener.java:107)
	at org.eclipse.jetty.server.handler.ContextHandler.callContextInitialized(ContextHandler.java:843)
	at org.eclipse.jetty.servlet.ServletContextHandler.callContextInitialized(ServletContextHandler.java:533)
	at org.eclipse.jetty.server.handler.ContextHandler.startContext(ContextHandler.java:816)
	at org.eclipse.jetty.servlet.ServletContextHandler.startContext(ServletContextHandler.java:345)
	at org.eclipse.jetty.webapp.WebAppContext.startWebapp(WebAppContext.java:1404)
	at org.eclipse.jetty.webapp.WebAppContext.startContext(WebAppContext.java:1366)
	at org.eclipse.jetty.server.handler.ContextHandler.doStart(ContextHandler.java:778)
	at org.eclipse.jetty.servlet.ServletContextHandler.doStart(ServletContextHandler.java:262)
	at org.eclipse.jetty.webapp.WebAppContext.doStart(WebAppContext.java:520)
	at org.eclipse.jetty.util.component.AbstractLifeCycle.start(AbstractLifeCycle.java:68)
	at org.eclipse.jetty.util.component.ContainerLifeCycle.start(ContainerLifeCycle.java:131)
	at org.eclipse.jetty.server.Server.start(Server.java:411)
	at org.eclipse.jetty.util.component.ContainerLifeCycle.doStart(ContainerLifeCycle.java:105)
	at org.eclipse.jetty.server.handler.AbstractHandler.doStart(AbstractHandler.java:61)
	at org.eclipse.jetty.server.Server.doStart(Server.java:378)
	at org.eclipse.jetty.util.component.AbstractLifeCycle.start(AbstractLifeCycle.java:68)
	at net.sourceforge.eclipsejetty.starter.jetty9.Jetty9Adapter.start(Jetty9Adapter.java:68)
	at net.sourceforge.eclipsejetty.starter.common.AbstractJettyLauncherMain.launch(AbstractJettyLauncherMain.java:84)
	at net.sourceforge.eclipsejetty.starter.jetty9.Jetty9LauncherMain.main(Jetty9LauncherMain.java:42)
Caused by: org.springframework.core.NestedIOException: Failed to parse mapping resource: 'file [/home/soft01/eclipse-workspace/TeduStore/target/classes/mapper/UserMapper.xml]'; nested exception is java.lang.IllegalArgumentException: Mapped Statements collection already contains value for cn.tedu.store.mapper.UserMapper.delete
	at org.mybatis.spring.SqlSessionFactoryBean.buildSqlSessionFactory(SqlSessionFactoryBean.java:523)
	at org.mybatis.spring.SqlSessionFactoryBean.afterPropertiesSet(SqlSessionFactoryBean.java:380)
	at org.springframework.beans.factory.support.AbstractAutowireCapableBeanFactory.invokeInitMethods(AbstractAutowireCapableBeanFactory.java:1687)
	at org.springframework.beans.factory.support.AbstractAutowireCapableBeanFactory.initializeBean(AbstractAutowireCapableBeanFactory.java:1624)
	... 31 more
Caused by: java.lang.IllegalArgumentException: Mapped Statements collection already contains value for cn.tedu.store.mapper.UserMapper.delete
	at org.apache.ibatis.session.Configuration$StrictMap.put(Configuration.java:782)
	at org.apache.ibatis.session.Configuration$StrictMap.put(Configuration.java:754)
	at org.apache.ibatis.session.Configuration.addMappedStatement(Configuration.java:578)
	at org.apache.ibatis.builder.MapperBuilderAssistant.addMappedStatement(MapperBuilderAssistant.java:288)
	at org.apache.ibatis.builder.annotation.MapperAnnotationBuilder.parseStatement(MapperAnnotationBuilder.java:307)
	at org.apache.ibatis.builder.annotation.MapperAnnotationBuilder.parse(MapperAnnotationBuilder.java:127)
	at org.apache.ibatis.binding.MapperRegistry.addMapper(MapperRegistry.java:71)
	at org.apache.ibatis.session.Configuration.addMapper(Configuration.java:651)
	at org.apache.ibatis.builder.xml.XMLMapperBuilder.bindMapperForNamespace(XMLMapperBuilder.java:405)
	at org.apache.ibatis.builder.xml.XMLMapperBuilder.parse(XMLMapperBuilder.java:94)
	at org.mybatis.spring.SqlSessionFactoryBean.buildSqlSessionFactory(SqlSessionFactoryBean.java:521)
	... 34 more
[ERROR][18-07-11][org.springframework.web.servlet.DispatcherServlet]Context initialization failed
org.springframework.beans.factory.UnsatisfiedDependencyException: Error creating bean with name 'mainController': Unsatisfied dependency expressed through field 'goodsCategoryService'; nested exception is org.springframework.beans.factory.NoSuchBeanDefinitionException: No qualifying bean of type 'cn.tedu.store.service.GoodsCategoryService' available: expected at least 1 bean which qualifies as autowire candidate. Dependency annotations: {@org.springframework.beans.factory.annotation.Autowired(required=true)}
	at org.springframework.beans.factory.annotation.AutowiredAnnotationBeanPostProcessor$AutowiredFieldElement.inject(AutowiredAnnotationBeanPostProcessor.java:588)
	at org.springframework.beans.factory.annotation.InjectionMetadata.inject(InjectionMetadata.java:88)
	at org.springframework.beans.factory.annotation.AutowiredAnnotationBeanPostProcessor.postProcessPropertyValues(AutowiredAnnotationBeanPostProcessor.java:366)
	at org.springframework.beans.factory.support.AbstractAutowireCapableBeanFactory.populateBean(AbstractAutowireCapableBeanFactory.java:1264)
	at org.springframework.beans.factory.support.AbstractAutowireCapableBeanFactory.doCreateBean(AbstractAutowireCapableBeanFactory.java:553)
	at org.springframework.beans.factory.support.AbstractAutowireCapableBeanFactory.createBean(AbstractAutowireCapableBeanFactory.java:483)
	at org.springframework.beans.factory.support.AbstractBeanFactory$1.getObject(AbstractBeanFactory.java:306)
	at org.springframework.beans.factory.support.DefaultSingletonBeanRegistry.getSingleton(DefaultSingletonBeanRegistry.java:230)
	at org.springframework.beans.factory.support.AbstractBeanFactory.doGetBean(AbstractBeanFactory.java:302)
	at org.springframework.beans.factory.support.AbstractBeanFactory.getBean(AbstractBeanFactory.java:197)
	at org.springframework.beans.factory.support.DefaultListableBeanFactory.preInstantiateSingletons(DefaultListableBeanFactory.java:761)
	at org.springframework.context.support.AbstractApplicationContext.finishBeanFactoryInitialization(AbstractApplicationContext.java:867)
	at org.springframework.context.support.AbstractApplicationContext.refresh(AbstractApplicationContext.java:543)
	at org.springframework.web.servlet.FrameworkServlet.configureAndRefreshWebApplicationContext(FrameworkServlet.java:668)
	at org.springframework.web.servlet.FrameworkServlet.createWebApplicationContext(FrameworkServlet.java:634)
	at org.springframework.web.servlet.FrameworkServlet.createWebApplicationContext(FrameworkServlet.java:682)
	at org.springframework.web.servlet.FrameworkServlet.initWebApplicationContext(FrameworkServlet.java:553)
	at org.springframework.web.servlet.FrameworkServlet.initServletBean(FrameworkServlet.java:494)
	at org.springframework.web.servlet.HttpServletBean.init(HttpServletBean.java:171)
	at javax.servlet.GenericServlet.init(GenericServlet.java:244)
	at org.eclipse.jetty.servlet.ServletHolder.initServlet(ServletHolder.java:640)
	at org.eclipse.jetty.servlet.ServletHolder.initialize(ServletHolder.java:419)
	at org.eclipse.jetty.servlet.ServletHandler.initialize(ServletHandler.java:875)
	at org.eclipse.jetty.servlet.ServletContextHandler.startContext(ServletContextHandler.java:349)
	at org.eclipse.jetty.webapp.WebAppContext.startWebapp(WebAppContext.java:1404)
	at org.eclipse.jetty.webapp.WebAppContext.startContext(WebAppContext.java:1366)
	at org.eclipse.jetty.server.handler.ContextHandler.doStart(ContextHandler.java:778)
	at org.eclipse.jetty.servlet.ServletContextHandler.doStart(ServletContextHandler.java:262)
	at org.eclipse.jetty.webapp.WebAppContext.doStart(WebAppContext.java:520)
	at org.eclipse.jetty.util.component.AbstractLifeCycle.start(AbstractLifeCycle.java:68)
	at org.eclipse.jetty.util.component.ContainerLifeCycle.start(ContainerLifeCycle.java:131)
	at org.eclipse.jetty.server.Server.start(Server.java:411)
	at org.eclipse.jetty.util.component.ContainerLifeCycle.doStart(ContainerLifeCycle.java:105)
	at org.eclipse.jetty.server.handler.AbstractHandler.doStart(AbstractHandler.java:61)
	at org.eclipse.jetty.server.Server.doStart(Server.java:378)
	at org.eclipse.jetty.util.component.AbstractLifeCycle.start(AbstractLifeCycle.java:68)
	at net.sourceforge.eclipsejetty.starter.jetty9.Jetty9Adapter.start(Jetty9Adapter.java:68)
	at net.sourceforge.eclipsejetty.starter.common.AbstractJettyLauncherMain.launch(AbstractJettyLauncherMain.java:84)
	at net.sourceforge.eclipsejetty.starter.jetty9.Jetty9LauncherMain.main(Jetty9LauncherMain.java:42)
Caused by: org.springframework.beans.factory.NoSuchBeanDefinitionException: No qualifying bean of type 'cn.tedu.store.service.GoodsCategoryService' available: expected at least 1 bean which qualifies as autowire candidate. Dependency annotations: {@org.springframework.beans.factory.annotation.Autowired(required=true)}
	at org.springframework.beans.factory.support.DefaultListableBeanFactory.raiseNoMatchingBeanFound(DefaultListableBeanFactory.java:1493)
	at org.springframework.beans.factory.support.DefaultListableBeanFactory.doResolveDependency(DefaultListableBeanFactory.java:1104)
	at org.springframework.beans.factory.support.DefaultListableBeanFactory.resolveDependency(DefaultListableBeanFactory.java:1066)
	at org.springframework.beans.factory.annotation.AutowiredAnnotationBeanPostProcessor$AutowiredFieldElement.inject(AutowiredAnnotationBeanPostProcessor.java:585)
	... 38 more
